app/build/intermediates/manifest_merge_blame_file/debug/processDebugMainManifest/manifest-merger-blame-debug-report.txt
1<?xml version="1.0" encoding="utf-8"?>
2<manifest xmlns:android="http://schemas.android.com/apk/res/android"
3    package="com.bytebandits.krishiaayog"
4    android:versionCode="1"
5    android:versionName="1.0" >
6
7    <uses-sdk
8        android:minSdkVersion="24"
9        android:targetSdkVersion="34" />
10
11    <uses-feature android:name="android.hardware.camera.any" />
11-->src\main\AndroidManifest.xml:4:5-63
11-->src\main\AndroidManifest.xml:4:19-61
12
13    <uses-permission android:name="android.permission.CAMERA" />
13-->src\main\AndroidManifest.xml:5:5-65
13-->src\main\AndroidManifest.xml:5:22-62
14    <uses-permission
14-->src\main\AndroidManifest.xml:6:5-7:38
15        android:name="android.permission.WRITE_EXTERNAL_STORAGE"
15-->src\main\AndroidManifest.xml:6:22-78
16        android:maxSdkVersion="32" />
16-->src\main\AndroidManifest.xml:7:9-35
17    <uses-permission android:name="android.permission.INTERNET" />
17-->src\main\AndroidManifest.xml:8:5-66
17-->src\main\AndroidManifest.xml:8:22-64
18    <uses-permission android:name="android.permission.ACCESS_COARSE_LOCATION" />
18-->src\main\AndroidManifest.xml:9:5-81
18-->src\main\AndroidManifest.xml:9:22-78
19    <uses-permission android:name="android.permission.ACCESS_FINE_LOCATION" />
19-->src\main\AndroidManifest.xml:10:5-79
19-->src\main\AndroidManifest.xml:10:22-76
20
21    <permission
21-->[androidx.core:core:1.15.0] AndroidManifest.xml:22:5-24:47
22        android:name="com.bytebandits.krishiaayog.DYNAMIC_RECEIVER_NOT_EXPORTED_PERMISSION"
22-->[androidx.core:core:1.15.0] AndroidManifest.xml:23:9-81
23        android:protectionLevel="signature" />
23-->[androidx.core:core:1.15.0] AndroidManifest.xml:24:9-44
24
25    <uses-permission android:name="com.bytebandits.krishiaayog.DYNAMIC_RECEIVER_NOT_EXPORTED_PERMISSION" />
25-->[androidx.core:core:1.15.0] AndroidManifest.xml:26:5-97
25-->[androidx.core:core:1.15.0] AndroidManifest.xml:26:22-94
26
27    <application
27-->src\main\AndroidManifest.xml:13:5-34:19
28        android:allowBackup="true"
28-->src\main\AndroidManifest.xml:14:9-35
29        android:appComponentFactory="androidx.core.app.CoreComponentFactory"
29-->[androidx.core:core:1.15.0] AndroidManifest.xml:28:18-86
30        android:dataExtractionRules="@xml/data_extraction_rules"
30-->src\main\AndroidManifest.xml:15:9-65
31        android:debuggable="true"
32        android:extractNativeLibs="false"
33        android:fullBackupContent="@xml/backup_rules"
33-->src\main\AndroidManifest.xml:16:9-54
34        android:icon="@mipmap/ic_launcher"
34-->src\main\AndroidManifest.xml:17:9-43
35        android:label="@string/app_name"
35-->src\main\AndroidManifest.xml:18:9-41
36        android:roundIcon="@mipmap/ic_launcher_round"
36-->src\main\AndroidManifest.xml:19:9-54
37        android:supportsRtl="true"
37-->src\main\AndroidManifest.xml:20:9-35
38        android:testOnly="true"
39        android:theme="@style/Theme.KrishiAayog" >
39-->src\main\AndroidManifest.xml:21:9-49
40        <activity
40-->src\main\AndroidManifest.xml:23:9-33:20
41            android:name="com.bytebandits.krishiaayog.MainActivity"
41-->src\main\AndroidManifest.xml:24:13-41
42            android:exported="true"
42-->src\main\AndroidManifest.xml:25:13-36
43            android:label="@string/app_name"
43-->src\main\AndroidManifest.xml:26:13-45
44            android:theme="@style/Theme.KrishiAayog" >
44-->src\main\AndroidManifest.xml:27:13-53
45            <intent-filter>
45-->src\main\AndroidManifest.xml:28:13-32:29
46                <action android:name="android.intent.action.MAIN" />
46-->src\main\AndroidManifest.xml:29:17-69
46-->src\main\AndroidManifest.xml:29:25-66
47
48                <category android:name="android.intent.category.LAUNCHER" />
48-->src\main\AndroidManifest.xml:31:17-77
48-->src\main\AndroidManifest.xml:31:27-74
49            </intent-filter>
50        </activity>
51
52        <service
52-->[androidx.camera:camera-camera2:1.5.0-alpha04] AndroidManifest.xml:24:9-33:19
53            android:name="androidx.camera.core.impl.MetadataHolderService"
53-->[androidx.camera:camera-camera2:1.5.0-alpha04] AndroidManifest.xml:25:13-75
54            android:enabled="false"
54-->[androidx.camera:camera-camera2:1.5.0-alpha04] AndroidManifest.xml:26:13-36
55            android:exported="false" >
55-->[androidx.camera:camera-camera2:1.5.0-alpha04] AndroidManifest.xml:27:13-37
56            <meta-data
56-->[androidx.camera:camera-camera2:1.5.0-alpha04] AndroidManifest.xml:30:13-32:89
57                android:name="androidx.camera.core.impl.MetadataHolderService.DEFAULT_CONFIG_PROVIDER"
57-->[androidx.camera:camera-camera2:1.5.0-alpha04] AndroidManifest.xml:31:17-103
58                android:value="androidx.camera.camera2.Camera2Config$DefaultProvider" />
58-->[androidx.camera:camera-camera2:1.5.0-alpha04] AndroidManifest.xml:32:17-86
59        </service>
60
61        <activity
61-->[androidx.compose.ui:ui-test-manifest:1.7.2] AndroidManifest.xml:23:9-25:39
62            android:name="androidx.activity.ComponentActivity"
62-->[androidx.compose.ui:ui-test-manifest:1.7.2] AndroidManifest.xml:24:13-63
63            android:exported="true" />
63-->[androidx.compose.ui:ui-test-manifest:1.7.2] AndroidManifest.xml:25:13-36
64
65        <provider
65-->[androidx.emoji2:emoji2:1.3.0] AndroidManifest.xml:24:9-32:20
66            android:name="androidx.startup.InitializationProvider"
66-->[androidx.emoji2:emoji2:1.3.0] AndroidManifest.xml:25:13-67
67            android:authorities="com.bytebandits.krishiaayog.androidx-startup"
67-->[androidx.emoji2:emoji2:1.3.0] AndroidManifest.xml:26:13-68
68            android:exported="false" >
68-->[androidx.emoji2:emoji2:1.3.0] AndroidManifest.xml:27:13-37
69            <meta-data
69-->[androidx.emoji2:emoji2:1.3.0] AndroidManifest.xml:29:13-31:52
70                android:name="androidx.emoji2.text.EmojiCompatInitializer"
70-->[androidx.emoji2:emoji2:1.3.0] AndroidManifest.xml:30:17-75
71                android:value="androidx.startup" />
71-->[androidx.emoji2:emoji2:1.3.0] AndroidManifest.xml:31:17-49
72            <meta-data
72-->[androidx.lifecycle:lifecycle-process:2.8.7] AndroidManifest.xml:29:13-31:52
73                android:name="androidx.lifecycle.ProcessLifecycleInitializer"
73-->[androidx.lifecycle:lifecycle-process:2.8.7] AndroidManifest.xml:30:17-78
74                android:value="androidx.startup" />
74-->[androidx.lifecycle:lifecycle-process:2.8.7] AndroidManifest.xml:31:17-49
75            <meta-data
75-->[androidx.profileinstaller:profileinstaller:1.4.1] AndroidManifest.xml:29:13-31:52
76                android:name="androidx.profileinstaller.ProfileInstallerInitializer"
76-->[androidx.profileinstaller:profileinstaller:1.4.1] AndroidManifest.xml:30:17-85
77                android:value="androidx.startup" />
77-->[androidx.profileinstaller:profileinstaller:1.4.1] AndroidManifest.xml:31:17-49
78        </provider>
79
80        <activity
80-->[androidx.compose.ui:ui-tooling-android:1.7.2] AndroidManifest.xml:23:9-25:39
81            android:name="androidx.compose.ui.tooling.PreviewActivity"
81-->[androidx.compose.ui:ui-tooling-android:1.7.2] AndroidManifest.xml:24:13-71
82            android:exported="true" />
82-->[androidx.compose.ui:ui-tooling-android:1.7.2] AndroidManifest.xml:25:13-36
83
84        <receiver
84-->[androidx.profileinstaller:profileinstaller:1.4.1] AndroidManifest.xml:34:9-52:20
85            android:name="androidx.profileinstaller.ProfileInstallReceiver"
85-->[androidx.profileinstaller:profileinstaller:1.4.1] AndroidManifest.xml:35:13-76
86            android:directBootAware="false"
86-->[androidx.profileinstaller:profileinstaller:1.4.1] AndroidManifest.xml:36:13-44
87            android:enabled="true"
87-->[androidx.profileinstaller:profileinstaller:1.4.1] AndroidManifest.xml:37:13-35
88            android:exported="true"
88-->[androidx.profileinstaller:profileinstaller:1.4.1] AndroidManifest.xml:38:13-36
89            android:permission="android.permission.DUMP" >
89-->[androidx.profileinstaller:profileinstaller:1.4.1] AndroidManifest.xml:39:13-57
90            <intent-filter>
90-->[androidx.profileinstaller:profileinstaller:1.4.1] AndroidManifest.xml:40:13-42:29
91                <action android:name="androidx.profileinstaller.action.INSTALL_PROFILE" />
91-->[androidx.profileinstaller:profileinstaller:1.4.1] AndroidManifest.xml:41:17-91
91-->[androidx.profileinstaller:profileinstaller:1.4.1] AndroidManifest.xml:41:25-88
92            </intent-filter>
93            <intent-filter>
93-->[androidx.profileinstaller:profileinstaller:1.4.1] AndroidManifest.xml:43:13-45:29
94                <action android:name="androidx.profileinstaller.action.SKIP_FILE" />
94-->[androidx.profileinstaller:profileinstaller:1.4.1] AndroidManifest.xml:44:17-85
94-->[androidx.profileinstaller:profileinstaller:1.4.1] AndroidManifest.xml:44:25-82
95            </intent-filter>
96            <intent-filter>
96-->[androidx.profileinstaller:profileinstaller:1.4.1] AndroidManifest.xml:46:13-48:29
97                <action android:name="androidx.profileinstaller.action.SAVE_PROFILE" />
97-->[androidx.profileinstaller:profileinstaller:1.4.1] AndroidManifest.xml:47:17-88
97-->[androidx.profileinstaller:profileinstaller:1.4.1] AndroidManifest.xml:47:25-85
98            </intent-filter>
99            <intent-filter>
99-->[androidx.profileinstaller:profileinstaller:1.4.1] AndroidManifest.xml:49:13-51:29
100                <action android:name="androidx.profileinstaller.action.BENCHMARK_OPERATION" />
100-->[androidx.profileinstaller:profileinstaller:1.4.1] AndroidManifest.xml:50:17-95
100-->[androidx.profileinstaller:profileinstaller:1.4.1] AndroidManifest.xml:50:25-92
101            </intent-filter>
102        </receiver>
103    </application>
104
105</manifest>